{
  "RSpec": {
    "coverage": {
      "/home/tcpladmin/naveen_spec/spec/controllers/items_controller_spec.rb": {
        "lines": [
          null,
          null,
          1,
          null,
          1,
          6,
          6,
          4,
          1,
          1,
          1,
          1,
          null,
          null,
          1,
          1,
          1,
          1,
          1,
          null,
          null,
          null,
          1,
          1,
          1,
          1,
          1,
          1,
          1,
          null,
          null,
          1,
          1,
          1,
          1,
          null,
          null,
          null,
          1,
          1,
          1,
          1,
          2,
          null,
          null,
          null
        ],
        "branches": {
        }
      },
      "/home/tcpladmin/naveen_spec/spec/rails_helper.rb": {
        "lines": [
          null,
          1,
          1,
          1,
          null,
          1,
          1,
          null,
          null,
          null,
          null,
          null,
          null,
          null,
          null,
          null,
          null,
          null,
          null,
          null,
          null,
          null,
          null,
          null,
          1,
          1,
          null,
          null,
          null,
          null,
          null,
          1,
          null,
          0,
          null,
          1,
          null,
          1,
          null,
          null,
          null,
          null,
          1,
          null,
          null,
          null,
          null,
          null,
          null,
          null,
          null,
          null,
          null,
          null,
          null,
          null,
          null,
          null,
          null,
          null,
          1,
          null,
          null,
          1,
          null,
          null,
          null
        ],
        "branches": {
          "[:if, 0, 6, 0, 6, 86]": {
            "[:then, 1, 6, 0, 6, 61]": 0,
            "[:else, 2, 6, 0, 6, 86]": 1
          }
        }
      },
      "/home/tcpladmin/naveen_spec/spec/factories/item.rb": {
        "lines": [
          1,
          1,
          4,
          4,
          1,
          null,
          null
        ],
        "branches": {
        }
      },
      "/home/tcpladmin/naveen_spec/spec/factories/todo.rb": {
        "lines": [
          1,
          1,
          6,
          6,
          1,
          null,
          null
        ],
        "branches": {
        }
      },
      "/home/tcpladmin/naveen_spec/spec/factories/users.rb": {
        "lines": [
          null,
          null,
          1,
          1,
          12,
          12,
          12,
          null,
          null,
          null
        ],
        "branches": {
        }
      },
      "/home/tcpladmin/naveen_spec/app/controllers/items_controller.rb": {
        "lines": [
          null,
          1,
          1,
          1,
          null,
          1,
          2,
          null,
          2,
          2,
          null,
          0,
          null,
          null,
          null,
          1,
          2,
          2,
          null,
          0,
          null,
          null,
          null,
          1,
          1,
          1,
          null,
          null,
          1,
          null,
          null,
          null,
          1,
          5,
          null,
          1,
          3,
          null,
          null,
          1,
          4,
          null,
          null,
          null
        ],
        "branches": {
          "[:if, 0, 9, 6, 13, 9]": {
            "[:then, 1, 10, 8, 10, 44]": 2,
            "[:else, 2, 12, 8, 12, 64]": 0
          },
          "[:if, 3, 17, 6, 21, 9]": {
            "[:then, 4, 18, 8, 18, 26]": 2,
            "[:else, 5, 20, 8, 20, 64]": 0
          }
        }
      },
      "/home/tcpladmin/naveen_spec/app/controllers/application_controller.rb": {
        "lines": [
          1,
          null
        ],
        "branches": {
        }
      },
      "/home/tcpladmin/naveen_spec/spec/controllers/todos_controller_spec.rb": {
        "lines": [
          null,
          1,
          null,
          1,
          6,
          null,
          1,
          1,
          1,
          1,
          1,
          1,
          1,
          null,
          null,
          null,
          1,
          1,
          1,
          1,
          1,
          1,
          1,
          null,
          null,
          null,
          1,
          1,
          1,
          1,
          1,
          1,
          1,
          null,
          null,
          null,
          1,
          1,
          1,
          1,
          1,
          1,
          1,
          1,
          1,
          null,
          null,
          null,
          1,
          1,
          1,
          1,
          1,
          2,
          null,
          null,
          null
        ],
        "branches": {
        }
      },
      "/home/tcpladmin/naveen_spec/app/controllers/todos_controller.rb": {
        "lines": [
          null,
          1,
          1,
          1,
          null,
          1,
          1,
          1,
          null,
          null,
          1,
          1,
          null,
          null,
          1,
          1,
          null,
          1,
          1,
          null,
          0,
          null,
          null,
          null,
          1,
          1,
          1,
          null,
          0,
          null,
          null,
          null,
          1,
          1,
          1,
          null,
          null,
          1,
          null,
          1,
          5,
          null,
          null,
          1,
          3,
          null,
          null,
          1,
          2,
          null,
          null,
          null
        ],
        "branches": {
          "[:if, 0, 18, 6, 22, 9]": {
            "[:then, 1, 19, 8, 19, 44]": 1,
            "[:else, 2, 21, 8, 21, 64]": 0
          },
          "[:if, 3, 26, 6, 30, 9]": {
            "[:then, 4, 27, 8, 27, 26]": 1,
            "[:else, 5, 29, 8, 29, 64]": 0
          }
        }
      },
      "/home/tcpladmin/naveen_spec/spec/controllers/users_controller_spec.rb": {
        "lines": [
          1,
          null,
          1,
          1,
          3,
          null,
          null,
          1,
          3,
          null,
          null,
          1,
          1,
          1,
          1,
          1,
          null,
          null,
          null,
          1,
          1,
          1,
          null,
          null,
          1,
          1,
          1,
          1,
          1,
          null,
          null,
          null,
          null,
          1,
          1,
          1,
          1,
          null,
          null,
          null,
          1,
          1,
          1,
          null,
          null,
          1,
          1,
          1,
          1,
          null,
          null,
          null,
          null,
          null,
          1,
          2,
          null,
          1,
          1,
          1,
          1,
          1,
          1,
          null,
          null,
          null,
          null
        ],
        "branches": {
        }
      },
      "/home/tcpladmin/naveen_spec/app/controllers/users_controller.rb": {
        "lines": [
          null,
          null,
          1,
          1,
          null,
          null,
          1,
          6,
          6,
          3,
          null,
          3,
          null,
          null,
          null,
          null,
          1,
          1,
          null,
          null,
          1,
          null,
          1,
          6,
          null,
          null,
          1,
          1,
          null,
          null,
          null
        ],
        "branches": {
          "[:if, 0, 9, 6, 13, 9]": {
            "[:then, 1, 10, 8, 10, 44]": 3,
            "[:else, 2, 12, 8, 12, 64]": 3
          }
        }
      },
      "/home/tcpladmin/naveen_spec/spec/requests/items_spec.rb": {
        "lines": [
          1,
          null,
          1,
          1,
          1,
          null,
          null
        ],
        "branches": {
        }
      },
      "/home/tcpladmin/naveen_spec/spec/requests/users_spec.rb": {
        "lines": [
          1,
          null,
          1,
          1,
          1,
          null,
          null
        ],
        "branches": {
        }
      },
      "/home/tcpladmin/naveen_spec/app/models/user.rb": {
        "lines": [
          1,
          1,
          1,
          1,
          1,
          null
        ],
        "branches": {
        }
      },
      "/home/tcpladmin/naveen_spec/app/models/application_record.rb": {
        "lines": [
          1,
          1,
          null
        ],
        "branches": {
        }
      },
      "/home/tcpladmin/naveen_spec/app/models/todo.rb": {
        "lines": [
          1,
          1,
          1,
          null
        ],
        "branches": {
        }
      },
      "/home/tcpladmin/naveen_spec/app/models/item.rb": {
        "lines": [
          1,
          1,
          null
        ],
        "branches": {
        }
      }
    },
    "timestamp": 1699248571
  }
}
